<?xml version="1.0" encoding="UTF-8"?>
<!-- Generated by org.testng.reporters.JUnitReportReporter -->
<testsuite hostname="Sowrabha" failures="0" tests="1" name="demo.sample1Test" time="0.011" errors="0" timestamp="2024-07-27T11:17:27 IST" skipped="0">
  <testcase classname="demo.sample1Test" name="maven1" time="0.011"/>
  <system-out>
    <![CDATA[sample test class executed]]>
  </system-out>
</testsuite> <!-- demo.sample1Test -->
