<?xml version="1.0" encoding="UTF-8"?>
<!-- Generated by org.testng.reporters.JUnitReportReporter -->
<testsuite hostname="Sowrabha" failures="0" tests="1" name="demo.Sample" time="0.013" errors="0" timestamp="2024-07-26T12:20:16 IST" skipped="0">
  <testcase classname="demo.Sample" name="maven" time="0.013"/>
  <system-out>
    <![CDATA[sample class]]>
  </system-out>
</testsuite> <!-- demo.Sample -->
