<?xml version="1.0" encoding="UTF-8"?>
<!-- Generated by org.testng.reporters.JUnitReportReporter -->
<testsuite hostname="Sowrabha" failures="0" tests="1" name="extentreport.ToAddScreenshotIntoReport" time="12.773" errors="0" timestamp="2024-08-09T12:29:46 IST" skipped="0">
  <testcase classname="extentreport.ToAddScreenshotIntoReport" name="addscreenshot" time="12.773"/>
  <system-out/>
</testsuite> <!-- extentreport.ToAddScreenshotIntoReport -->
