<?xml version="1.0" encoding="UTF-8"?>
<!-- Generated by org.testng.reporters.JUnitReportReporter -->
<testsuite hostname="Sowrabha" failures="0" tests="1" name="extentreport.ToLearnExtentReport" time="0.491" errors="0" timestamp="2024-08-09T11:57:26 IST" skipped="0">
  <testcase classname="extentreport.ToLearnExtentReport" name="createReports" time="0.491"/>
  <system-out/>
</testsuite> <!-- extentreport.ToLearnExtentReport -->
